-------------------------------------------------------------------------------
Test set: ca.jrvs.apps.twitter.dao.TwitterDaoIntTest
-------------------------------------------------------------------------------
Tests run: 3, Failures: 0, Errors: 3, Skipped: 0, Time elapsed: 0.14 s <<< FAILURE! - in ca.jrvs.apps.twitter.dao.TwitterDaoIntTest
create(ca.jrvs.apps.twitter.dao.TwitterDaoIntTest)  Time elapsed: 0.09 s  <<< ERROR!
java.lang.RuntimeException: Failed to execute
	at ca.jrvs.apps.twitter.dao.TwitterDaoIntTest.setup(TwitterDaoIntTest.java:40)
Caused by: oauth.signpost.exception.OAuthExpectationFailedException: consumer key not set
	at ca.jrvs.apps.twitter.dao.TwitterDaoIntTest.setup(TwitterDaoIntTest.java:40)

findById(ca.jrvs.apps.twitter.dao.TwitterDaoIntTest)  Time elapsed: 0.002 s  <<< ERROR!
java.lang.RuntimeException: Failed to execute
	at ca.jrvs.apps.twitter.dao.TwitterDaoIntTest.setup(TwitterDaoIntTest.java:40)
Caused by: oauth.signpost.exception.OAuthExpectationFailedException: consumer key not set
	at ca.jrvs.apps.twitter.dao.TwitterDaoIntTest.setup(TwitterDaoIntTest.java:40)

deleteById(ca.jrvs.apps.twitter.dao.TwitterDaoIntTest)  Time elapsed: 0.001 s  <<< ERROR!
java.lang.RuntimeException: Failed to execute
	at ca.jrvs.apps.twitter.dao.TwitterDaoIntTest.setup(TwitterDaoIntTest.java:40)
Caused by: oauth.signpost.exception.OAuthExpectationFailedException: consumer key not set
	at ca.jrvs.apps.twitter.dao.TwitterDaoIntTest.setup(TwitterDaoIntTest.java:40)

